Using pre-set license
Built from '2021.1/staging' branch; Version is '2021.1.7f1 (d91830b65d9b) revision 14227504'; Using compiler version '192528614'; Build Type 'Release'
OS: 'Windows 10 Home; OS build 19042.1348; Version 2009; 64bit' Language: 'en' Physical Memory: 32685 MB
BatchMode: 1, IsHumanControllingUs: 0, StartBugReporterOnCrash: 0, Is64bit: 1, IsPro: 0

 COMMAND LINE ARGUMENTS:
C:\Program Files\Unity\Hub\Editor\2021.1.7f1\Editor\Unity.exe
-adb2
-batchMode
-noUpm
-name
AssetImportWorker1
-projectPath
C:/Users/90816/OneDrive/Desktop/College-Simulator
-logFile
Logs/AssetImportWorker1.log
-srvPort
53588
Successfully changed project path to: C:/Users/90816/OneDrive/Desktop/College-Simulator
C:/Users/90816/OneDrive/Desktop/College-Simulator
Using Asset Import Pipeline V2.
Refreshing native plugins compatible for Editor in 78.27 ms, found 2 plugins.
Preloading 0 native plugins for Editor in 0.00 ms.
Initialize engine version: 2021.1.7f1 (d91830b65d9b)
[Subsystems] Discovering subsystems at path C:/Program Files/Unity/Hub/Editor/2021.1.7f1/Editor/Data/Resources/UnitySubsystems
[Subsystems] Discovering subsystems at path C:/Users/90816/OneDrive/Desktop/College-Simulator/Assets
GfxDevice: creating device client; threaded=0; jobified=0
Direct3D:
    Version:  Direct3D 11.0 [level 11.1]
    Renderer: NVIDIA GeForce RTX 2080 (ID=0x1e87)
    Vendor:   NVIDIA
    VRAM:     8010 MB
    Driver:   30.0.14.9709
Initialize mono
Mono path[0] = 'C:/Program Files/Unity/Hub/Editor/2021.1.7f1/Editor/Data/Managed'
Mono path[1] = 'C:/Program Files/Unity/Hub/Editor/2021.1.7f1/Editor/Data/MonoBleedingEdge/lib/mono/unityjit'
Mono config path = 'C:/Program Files/Unity/Hub/Editor/2021.1.7f1/Editor/Data/MonoBleedingEdge/etc'
Using monoOptions --debugger-agent=transport=dt_socket,embedding=1,server=y,suspend=n,address=127.0.0.1:56148
Begin MonoManager ReloadAssembly
Registering precompiled unity dll's ...
Register platform support module: C:/Program Files/Unity/Hub/Editor/2021.1.7f1/Editor/Data/PlaybackEngines/WindowsStandaloneSupport/UnityEditor.WindowsStandalone.Extensions.dll
Registered in 0.005827 seconds.
Native extension for WindowsStandalone target not found
Refreshing native plugins compatible for Editor in 80.25 ms, found 2 plugins.
Preloading 0 native plugins for Editor in 0.00 ms.
Mono: successfully reloaded assembly
- Completed reload, in  1.190 seconds
Platform modules already initialized, skipping
Registering precompiled user dll's ...
Registered in 0.005157 seconds.
Begin MonoManager ReloadAssembly
Symbol file LoadedFromMemory doesn't match image C:\Users\90816\OneDrive\Desktop\College-Simulator\Library\PackageCache\com.unity.visualscripting@1.6.1\Editor\VisualScripting.Core\Dependencies\YamlDotNet\Unity.VisualScripting.YamlDotNet.dll
Symbol file LoadedFromMemory doesn't match image C:\Users\90816\OneDrive\Desktop\College-Simulator\Library\PackageCache\com.unity.visualscripting@1.6.1\Editor\VisualScripting.Core\Dependencies\DotNetZip\Unity.VisualScripting.IonicZip.dll
Native extension for WindowsStandalone target not found
Refreshing native plugins compatible for Editor in 77.38 ms, found 2 plugins.
Preloading 0 native plugins for Editor in 0.00 ms.
Mono: successfully reloaded assembly
- Completed reload, in  1.018 seconds
Platform modules already initialized, skipping
========================================================================
Worker process is ready to serve import requests
Launched and connected shader compiler UnityShaderCompiler.exe after 0.05 seconds
Refreshing native plugins compatible for Editor in 0.52 ms, found 2 plugins.
Preloading 0 native plugins for Editor in 0.00 ms.
Unloading 3436 Unused Serialized files (Serialized files now loaded: 0)
System memory in use before: 131.6 MB.
System memory in use after: 131.8 MB.

Unloading 23 unused Assets to reduce memory usage. Loaded Objects now: 3896.
Total: 2.089800 ms (FindLiveObjects: 0.223400 ms CreateObjectMapping: 0.126400 ms MarkObjects: 1.688200 ms  DeleteObjects: 0.051000 ms)

========================================================================
Received Import Request.
  path: Assets/Scenes/MasterScene.unity
  artifactKey: Guid(a3014c581e2efc34f813a2ade59219c0) Importer(815301076,1909f56bfc062723c751e8b465ee728b)
Start importing Assets/Scenes/MasterScene.unity using Guid(a3014c581e2efc34f813a2ade59219c0) Importer(815301076,1909f56bfc062723c751e8b465ee728b)  -> (artifact id: '35d1ba4334424a5ae0d8b6143a1a4d0a') in 0.011879 seconds 
========================================================================
Received Import Request.
  Time since last request: 0.319713 seconds.
  path: Assets/Prefabs/GameManager.prefab
  artifactKey: Guid(4944aa1e959015c4b9a1a04d3b9f5424) Importer(815301076,1909f56bfc062723c751e8b465ee728b)
Start importing Assets/Prefabs/GameManager.prefab using Guid(4944aa1e959015c4b9a1a04d3b9f5424) Importer(815301076,1909f56bfc062723c751e8b465ee728b)  -> (artifact id: '073c036485f252f1f1e11a10e7ca07b5') in 0.109575 seconds 
========================================================================
Received Prepare
Refreshing native plugins compatible for Editor in 4.81 ms, found 2 plugins.
Preloading 0 native plugins for Editor in 0.00 ms.
Unloading 9 Unused Serialized files (Serialized files now loaded: 0)
System memory in use before: 63.3 MB.
System memory in use after: 63.5 MB.

Unloading 9 unused Assets to reduce memory usage. Loaded Objects now: 3896.
Total: 2.519800 ms (FindLiveObjects: 0.245200 ms CreateObjectMapping: 0.152200 ms MarkObjects: 2.102100 ms  DeleteObjects: 0.019500 ms)

========================================================================
Received Import Request.
  Time since last request: 47.940826 seconds.
  path: Assets/Prefabs/TaskCards/BasicActions/Workout.prefab
  artifactKey: Guid(a5dbd608c1b4f2448a01da49a4dc92e5) Importer(815301076,1909f56bfc062723c751e8b465ee728b)
Start importing Assets/Prefabs/TaskCards/BasicActions/Workout.prefab using Guid(a5dbd608c1b4f2448a01da49a4dc92e5) Importer(815301076,1909f56bfc062723c751e8b465ee728b)  -> (artifact id: '7b9523c7aca2aa7fe060c38da0fdf10a') in 0.007028 seconds 
========================================================================
Received Import Request.
  Time since last request: 3.458863 seconds.
  path: Assets/Prefabs/TaskCards/UniqueActions/Publish a Paper.prefab
  artifactKey: Guid(f3fa2560d3382114290bca9478b01a8f) Importer(815301076,1909f56bfc062723c751e8b465ee728b)
Start importing Assets/Prefabs/TaskCards/UniqueActions/Publish a Paper.prefab using Guid(f3fa2560d3382114290bca9478b01a8f) Importer(815301076,1909f56bfc062723c751e8b465ee728b)  -> (artifact id: '259f1fcf6c3c0cba80d3db70e248c14a') in 0.006028 seconds 
========================================================================
Received Import Request.
  Time since last request: 27.509480 seconds.
  path: Assets/Scripts/GameManager.cs
  artifactKey: Guid(4f0fabd72b2519949ad5886311683050) Importer(815301076,1909f56bfc062723c751e8b465ee728b)
Start importing Assets/Scripts/GameManager.cs using Guid(4f0fabd72b2519949ad5886311683050) Importer(815301076,1909f56bfc062723c751e8b465ee728b)  -> (artifact id: '635fe507acdff147c3c795de5f59c19a') in 0.009477 seconds 
========================================================================
Received Prepare
Registering precompiled user dll's ...
Registered in 0.004894 seconds.
Begin MonoManager ReloadAssembly
Symbol file LoadedFromMemory doesn't match image C:\Users\90816\OneDrive\Desktop\College-Simulator\Library\PackageCache\com.unity.visualscripting@1.6.1\Editor\VisualScripting.Core\Dependencies\YamlDotNet\Unity.VisualScripting.YamlDotNet.dll
Symbol file LoadedFromMemory doesn't match image C:\Users\90816\OneDrive\Desktop\College-Simulator\Library\PackageCache\com.unity.visualscripting@1.6.1\Editor\VisualScripting.Core\Dependencies\DotNetZip\Unity.VisualScripting.IonicZip.dll
Native extension for WindowsStandalone target not found
Refreshing native plugins compatible for Editor in 0.70 ms, found 2 plugins.
Preloading 0 native plugins for Editor in 0.00 ms.
Mono: successfully reloaded assembly
- Completed reload, in  0.909 seconds
Platform modules already initialized, skipping
Refreshing native plugins compatible for Editor in 0.51 ms, found 2 plugins.
Preloading 0 native plugins for Editor in 0.00 ms.
Unloading 3413 Unused Serialized files (Serialized files now loaded: 0)
System memory in use before: 130.0 MB.
System memory in use after: 130.2 MB.

Unloading 11 unused Assets to reduce memory usage. Loaded Objects now: 3900.
Total: 2.175800 ms (FindLiveObjects: 0.217600 ms CreateObjectMapping: 0.121400 ms MarkObjects: 1.823200 ms  DeleteObjects: 0.013000 ms)

========================================================================
Received Prepare
Registering precompiled user dll's ...
Registered in 0.004945 seconds.
Begin MonoManager ReloadAssembly
Symbol file LoadedFromMemory doesn't match image C:\Users\90816\OneDrive\Desktop\College-Simulator\Library\PackageCache\com.unity.visualscripting@1.6.1\Editor\VisualScripting.Core\Dependencies\YamlDotNet\Unity.VisualScripting.YamlDotNet.dll
Symbol file LoadedFromMemory doesn't match image C:\Users\90816\OneDrive\Desktop\College-Simulator\Library\PackageCache\com.unity.visualscripting@1.6.1\Editor\VisualScripting.Core\Dependencies\DotNetZip\Unity.VisualScripting.IonicZip.dll
Native extension for WindowsStandalone target not found
Refreshing native plugins compatible for Editor in 0.63 ms, found 2 plugins.
Preloading 0 native plugins for Editor in 0.00 ms.
Mono: successfully reloaded assembly
- Completed reload, in  0.928 seconds
Platform modules already initialized, skipping
Refreshing native plugins compatible for Editor in 0.51 ms, found 2 plugins.
Preloading 0 native plugins for Editor in 0.00 ms.
Unloading 3413 Unused Serialized files (Serialized files now loaded: 0)
System memory in use before: 130.0 MB.
System memory in use after: 130.3 MB.

Unloading 11 unused Assets to reduce memory usage. Loaded Objects now: 3904.
Total: 1.901400 ms (FindLiveObjects: 0.200400 ms CreateObjectMapping: 0.132000 ms MarkObjects: 1.555300 ms  DeleteObjects: 0.012800 ms)

AssetImportWorkerClient::OnTransportError - code=2 error=End of file
