Using pre-set license
Built from '2021.1/staging' branch; Version is '2021.1.7f1 (d91830b65d9b) revision 14227504'; Using compiler version '192528614'; Build Type 'Release'
OS: 'Windows 10 Home; OS build 19042.1348; Version 2009; 64bit' Language: 'zh' Physical Memory: 16204 MB
BatchMode: 1, IsHumanControllingUs: 0, StartBugReporterOnCrash: 0, Is64bit: 1, IsPro: 0

 COMMAND LINE ARGUMENTS:
C:\Program Files\Unity 2021.1.7f1\Editor\Unity.exe
-adb2
-batchMode
-noUpm
-name
AssetImportWorker0
-projectPath
C:/Users/Jeffery/GameDesignDecal/College Simulator
-logFile
Logs/AssetImportWorker0.log
-srvPort
51604
Successfully changed project path to: C:/Users/Jeffery/GameDesignDecal/College Simulator
C:/Users/Jeffery/GameDesignDecal/College Simulator
Using Asset Import Pipeline V2.
Refreshing native plugins compatible for Editor in 87.10 ms, found 2 plugins.
Preloading 0 native plugins for Editor in 0.00 ms.
Initialize engine version: 2021.1.7f1 (d91830b65d9b)
[Subsystems] Discovering subsystems at path C:/Program Files/Unity 2021.1.7f1/Editor/Data/Resources/UnitySubsystems
[Subsystems] Discovering subsystems at path C:/Users/Jeffery/GameDesignDecal/College Simulator/Assets
GfxDevice: creating device client; threaded=0; jobified=0
Direct3D:
    Version:  Direct3D 11.0 [level 11.1]
    Renderer: NVIDIA GeForce RTX 2070 (ID=0x1f14)
    Vendor:   NVIDIA
    VRAM:     8031 MB
    Driver:   26.21.14.4276
Initialize mono
Mono path[0] = 'C:/Program Files/Unity 2021.1.7f1/Editor/Data/Managed'
Mono path[1] = 'C:/Program Files/Unity 2021.1.7f1/Editor/Data/MonoBleedingEdge/lib/mono/unityjit'
Mono config path = 'C:/Program Files/Unity 2021.1.7f1/Editor/Data/MonoBleedingEdge/etc'
Using monoOptions --debugger-agent=transport=dt_socket,embedding=1,server=y,suspend=n,address=127.0.0.1:56248
Begin MonoManager ReloadAssembly
Registering precompiled unity dll's ...
Register platform support module: C:/Program Files/Unity 2021.1.7f1/Editor/Data/PlaybackEngines/WebGLSupport/UnityEditor.WebGL.Extensions.dll
Register platform support module: C:/Program Files/Unity 2021.1.7f1/Editor/Data/PlaybackEngines/WindowsStandaloneSupport/UnityEditor.WindowsStandalone.Extensions.dll
Registered in 0.001820 seconds.
Native extension for WindowsStandalone target not found
Native extension for WebGL target not found
Refreshing native plugins compatible for Editor in 81.65 ms, found 2 plugins.
Preloading 0 native plugins for Editor in 0.00 ms.
Mono: successfully reloaded assembly
- Completed reload, in  1.061 seconds
Platform modules already initialized, skipping
Registering precompiled user dll's ...
Registered in 0.002385 seconds.
Begin MonoManager ReloadAssembly
Symbol file LoadedFromMemory doesn't match image C:\Users\Jeffery\GameDesignDecal\College Simulator\Library\PackageCache\com.unity.visualscripting@1.6.1\Editor\VisualScripting.Core\Dependencies\YamlDotNet\Unity.VisualScripting.YamlDotNet.dll
Symbol file LoadedFromMemory doesn't match image C:\Users\Jeffery\GameDesignDecal\College Simulator\Library\PackageCache\com.unity.visualscripting@1.6.1\Editor\VisualScripting.Core\Dependencies\DotNetZip\Unity.VisualScripting.IonicZip.dll
Native extension for WindowsStandalone target not found
Native extension for WebGL target not found
Refreshing native plugins compatible for Editor in 78.06 ms, found 2 plugins.
Preloading 0 native plugins for Editor in 0.00 ms.
Mono: successfully reloaded assembly
- Completed reload, in  0.909 seconds
Platform modules already initialized, skipping
========================================================================
Worker process is ready to serve import requests
Launched and connected shader compiler UnityShaderCompiler.exe after 0.03 seconds
Refreshing native plugins compatible for Editor in 0.54 ms, found 2 plugins.
Preloading 0 native plugins for Editor in 0.00 ms.
Unloading 3432 Unused Serialized files (Serialized files now loaded: 0)
System memory in use before: 131.6 MB.
System memory in use after: 131.7 MB.

Unloading 28 unused Assets to reduce memory usage. Loaded Objects now: 3887.
Total: 2.115500 ms (FindLiveObjects: 0.305900 ms CreateObjectMapping: 0.172500 ms MarkObjects: 1.540500 ms  DeleteObjects: 0.095900 ms)

========================================================================
Received Import Request.
  path: Assets/TextMesh Pro/Examples & Extras/Resources/Fonts & Materials/Anton SDF.asset
  artifactKey: Guid(8a89fa14b10d46a99122fd4f73fca9a2) Importer(815301076,1909f56bfc062723c751e8b465ee728b)
Start importing Assets/TextMesh Pro/Examples & Extras/Resources/Fonts & Materials/Anton SDF.asset using Guid(8a89fa14b10d46a99122fd4f73fca9a2) Importer(815301076,1909f56bfc062723c751e8b465ee728b)  -> (artifact id: '89f74535dbbe80d820aad8820167369b') in 0.118598 seconds 
========================================================================
Received Import Request.
  Time since last request: 0.000125 seconds.
  path: Assets/Sprites/Tasks/Breaking Prs.PNG
  artifactKey: Guid(59e111bc73f163e47b94fc665f57e52f) Importer(815301076,1909f56bfc062723c751e8b465ee728b)
Start importing Assets/Sprites/Tasks/Breaking Prs.PNG using Guid(59e111bc73f163e47b94fc665f57e52f) Importer(815301076,1909f56bfc062723c751e8b465ee728b)  -> (artifact id: 'a5ec526d99ff0c137abec69c3fd86fae') in 0.053852 seconds 
========================================================================
Received Import Request.
  Time since last request: 0.000128 seconds.
  path: Assets/Sprites/Tasks/Become Club Leader.PNG
  artifactKey: Guid(c5c7589e0769e4f4eaffe51f1821ab8e) Importer(815301076,1909f56bfc062723c751e8b465ee728b)
Start importing Assets/Sprites/Tasks/Become Club Leader.PNG using Guid(c5c7589e0769e4f4eaffe51f1821ab8e) Importer(815301076,1909f56bfc062723c751e8b465ee728b)  -> (artifact id: '54ac7e81e5abcd917189bff72b199139') in 0.015113 seconds 
========================================================================
Received Import Request.
  Time since last request: 0.000157 seconds.
  path: Assets/Sprites/Tasks/Become Club Leader(1).PNG
  artifactKey: Guid(353dbef963fe83f408b0e134d661394e) Importer(815301076,1909f56bfc062723c751e8b465ee728b)
Start importing Assets/Sprites/Tasks/Become Club Leader(1).PNG using Guid(353dbef963fe83f408b0e134d661394e) Importer(815301076,1909f56bfc062723c751e8b465ee728b)  -> (artifact id: 'd93e3da039a4695ee7e30f65a1782c75') in 0.016972 seconds 
========================================================================
Received Import Request.
  Time since last request: 0.000167 seconds.
  path: Assets/Sprites/Background 1-colored.tiff
  artifactKey: Guid(6d8c622aa1407074981a5090c2eb13a0) Importer(815301076,1909f56bfc062723c751e8b465ee728b)
Start importing Assets/Sprites/Background 1-colored.tiff using Guid(6d8c622aa1407074981a5090c2eb13a0) Importer(815301076,1909f56bfc062723c751e8b465ee728b)  -> (artifact id: 'dd2e55ca105201fb6b24212df0393e62') in 0.023500 seconds 
========================================================================
Received Import Request.
  Time since last request: 0.000156 seconds.
  path: Assets/Sprites/Endings/audi.jpg
  artifactKey: Guid(91de1171e10eacb4f9539f10bfcad3b5) Importer(815301076,1909f56bfc062723c751e8b465ee728b)
Start importing Assets/Sprites/Endings/audi.jpg using Guid(91de1171e10eacb4f9539f10bfcad3b5) Importer(815301076,1909f56bfc062723c751e8b465ee728b)  -> (artifact id: '8b0275fcf1a599776d9641559cfc61f2') in 0.016721 seconds 
========================================================================
Received Import Request.
  Time since last request: 0.000203 seconds.
  path: Assets/TextMesh Pro/Examples & Extras/Resources/Fonts & Materials/Bangers SDF.asset
  artifactKey: Guid(125cb55b44b24c4393181402bc6200e6) Importer(815301076,1909f56bfc062723c751e8b465ee728b)
Start importing Assets/TextMesh Pro/Examples & Extras/Resources/Fonts & Materials/Bangers SDF.asset using Guid(125cb55b44b24c4393181402bc6200e6) Importer(815301076,1909f56bfc062723c751e8b465ee728b)  -> (artifact id: '6ba1bb398137a00be6e06e68b72b365d') in 0.020850 seconds 
========================================================================
Received Import Request.
  Time since last request: 0.000158 seconds.
  path: Assets/Sprites/Endings/berkeley-SkyDeck.png
  artifactKey: Guid(ba56163074e19804d9fb2af6afb43d7f) Importer(815301076,1909f56bfc062723c751e8b465ee728b)
Start importing Assets/Sprites/Endings/berkeley-SkyDeck.png using Guid(ba56163074e19804d9fb2af6afb43d7f) Importer(815301076,1909f56bfc062723c751e8b465ee728b)  -> (artifact id: '4121c88a0780e35005b4e4d00aec9fd1') in 0.018727 seconds 
========================================================================
Received Import Request.
  Time since last request: 0.000166 seconds.
  path: Assets/Sprites/61a-temp.png
  artifactKey: Guid(05bfcdab32c7e1449acf408f7bc8e86d) Importer(815301076,1909f56bfc062723c751e8b465ee728b)
Start importing Assets/Sprites/61a-temp.png using Guid(05bfcdab32c7e1449acf408f7bc8e86d) Importer(815301076,1909f56bfc062723c751e8b465ee728b)  -> (artifact id: 'af0a5c12a171811250be88ed5eef2e83') in 0.022854 seconds 
========================================================================
Received Import Request.
  Time since last request: 0.000157 seconds.
  path: Assets/Sprites/3489636509_c56d4779fe_b.jpg
  artifactKey: Guid(272c66753339cae448cb63b0ea835913) Importer(815301076,1909f56bfc062723c751e8b465ee728b)
Start importing Assets/Sprites/3489636509_c56d4779fe_b.jpg using Guid(272c66753339cae448cb63b0ea835913) Importer(815301076,1909f56bfc062723c751e8b465ee728b)  -> (artifact id: '45a0253b5b72621990b2e028b9834a63') in 0.025389 seconds 
========================================================================
Received Import Request.
  Time since last request: 112.547558 seconds.
  path: Assets/Sprites/circle-11552760405rj0vtcz24q.png
  artifactKey: Guid(541e36c54c3b85840a7e2b5ee1c5e09d) Importer(815301076,1909f56bfc062723c751e8b465ee728b)
Start importing Assets/Sprites/circle-11552760405rj0vtcz24q.png using Guid(541e36c54c3b85840a7e2b5ee1c5e09d) Importer(815301076,1909f56bfc062723c751e8b465ee728b)  -> (artifact id: 'e321fe79084076220ba24c569a11ebc8') in 0.019136 seconds 
========================================================================
Received Import Request.
  Time since last request: 0.000121 seconds.
  path: Assets/Sprites/IMG_0159.PNG
  artifactKey: Guid(9f6f374d0d4cbcb4bb28cfc6454f7bd4) Importer(815301076,1909f56bfc062723c751e8b465ee728b)
Start importing Assets/Sprites/IMG_0159.PNG using Guid(9f6f374d0d4cbcb4bb28cfc6454f7bd4) Importer(815301076,1909f56bfc062723c751e8b465ee728b)  -> (artifact id: '5a4b6322b498f48a21a6ce0489a13fe2') in 0.022893 seconds 
========================================================================
Received Import Request.
  Time since last request: 0.000156 seconds.
  path: Assets/Sprites/IMG_0160.PNG
  artifactKey: Guid(472aa7c379601054db5427b5e11d4f89) Importer(815301076,1909f56bfc062723c751e8b465ee728b)
Start importing Assets/Sprites/IMG_0160.PNG using Guid(472aa7c379601054db5427b5e11d4f89) Importer(815301076,1909f56bfc062723c751e8b465ee728b)  -> (artifact id: 'ebf8e01265a62228e25f45ef5e9e7228') in 0.017209 seconds 
========================================================================
Received Import Request.
  Time since last request: 0.000182 seconds.
  path: Assets/Sprites/Graduation .PNG
  artifactKey: Guid(34bac4a59976eb54cb32374faf307e64) Importer(815301076,1909f56bfc062723c751e8b465ee728b)
Start importing Assets/Sprites/Graduation .PNG using Guid(34bac4a59976eb54cb32374faf307e64) Importer(815301076,1909f56bfc062723c751e8b465ee728b)  -> (artifact id: '553a656faf1f1b9f31cc6a385ccc223a') in 0.017664 seconds 
========================================================================
Received Import Request.
  Time since last request: 0.000129 seconds.
  path: Assets/Sprites/pinpng.com-space-invaders-png-1419132.png
  artifactKey: Guid(976bd0b7cd9eb3c43b8749e42cd01eb3) Importer(815301076,1909f56bfc062723c751e8b465ee728b)
Start importing Assets/Sprites/pinpng.com-space-invaders-png-1419132.png using Guid(976bd0b7cd9eb3c43b8749e42cd01eb3) Importer(815301076,1909f56bfc062723c751e8b465ee728b)  -> (artifact id: 'd30076d4ab0136440038128516146ad3') in 0.012745 seconds 
========================================================================
Received Import Request.
  Time since last request: 6.002481 seconds.
  path: Assets/Sprites/Icon1.PNG
  artifactKey: Guid(9f6f374d0d4cbcb4bb28cfc6454f7bd4) Importer(815301076,1909f56bfc062723c751e8b465ee728b)
Start importing Assets/Sprites/Icon1.PNG using Guid(9f6f374d0d4cbcb4bb28cfc6454f7bd4) Importer(815301076,1909f56bfc062723c751e8b465ee728b)  -> (artifact id: '96c4ba47aefc2aaba6cf8a144a34b7ab') in 0.019786 seconds 
========================================================================
Received Import Request.
  Time since last request: 7.063334 seconds.
  path: Assets/Sprites/Icon2.PNG
  artifactKey: Guid(472aa7c379601054db5427b5e11d4f89) Importer(815301076,1909f56bfc062723c751e8b465ee728b)
Start importing Assets/Sprites/Icon2.PNG using Guid(472aa7c379601054db5427b5e11d4f89) Importer(815301076,1909f56bfc062723c751e8b465ee728b)  -> (artifact id: 'c821e962e13d9ddc44775288a0445b43') in 0.021634 seconds 
========================================================================
Received Prepare
Refreshing native plugins compatible for Editor in 2.35 ms, found 2 plugins.
Preloading 0 native plugins for Editor in 0.00 ms.
Unloading 14 Unused Serialized files (Serialized files now loaded: 0)
System memory in use before: 68.1 MB.
System memory in use after: 68.2 MB.

Unloading 14 unused Assets to reduce memory usage. Loaded Objects now: 3963.
Total: 2.431600 ms (FindLiveObjects: 0.243900 ms CreateObjectMapping: 0.192000 ms MarkObjects: 1.915200 ms  DeleteObjects: 0.080000 ms)

AssetImportWorkerClient::OnTransportError - code=2 error=End of file
